<?xml version="1.0" encoding="UTF-8"?>
<testsuite xmlns:xsi="http://www.w3.org/2001/XMLSchema-instance" xsi:noNamespaceSchemaLocation="https://maven.apache.org/surefire/maven-surefire-plugin/xsd/surefire-test-report-3.0.xsd" version="3.0" name="edu.sistema.EurekaServerApplicationTests" time="10.21" tests="1" errors="0" skipped="0" failures="0">
  <properties>
[...]
</properties>
  <testcase name="contextLoads" classname="edu.sistema.EurekaServerApplicationTests" time="1.38">
    <system-out><![CDATA[Standard Commons Logging discovery in action with spring-jcl: please remove commons-logging.jar from classpath in order to avoid potential conflicts
19:13:56.787 [main] INFO org.springframework.test.context.support.AnnotationConfigContextLoaderUtils -- Could not detect default configuration classes for test class [edu.sistema.EurekaServerApplicationTests]: EurekaServerApplicationTests does not declare any static, non-private, non-final, nested classes annotated with @Configuration.
19:13:57.170 [main] INFO org.springframework.boot.test.context.SpringBootTestContextBootstrapper -- Found @SpringBootConfiguration edu.sistema.EurekaServerApplication for test class edu.sistema.EurekaServerApplicationTests

  .   ____          _            __ _ _
 /\\ / ___'_ __ _ _(_)_ __  __ _ \ \ \ \
( ( )\___ | '_ | '_| | '_ \/ _` | \ \ \ \
 \\/  ___)| |_)| | | | | || (_| |  ) ) ) )
  '  |____| .__|_| |_|_| |_\__, | / / / /
 =========|_|==============|___/=/_/_/_/

 :: Spring Boot ::                (v3.3.4)

2025-11-27T19:13:58.998-06:00  INFO 28020 --- [Eureka-Server] [           main] e.sistema.EurekaServerApplicationTests   : Starting EurekaServerApplicationTests using Java 17.0.10 with PID 28020 (started by Getse in C:\SprinTool Ejercicios\Eureka-Server)
2025-11-27T19:13:58.998-06:00  INFO 28020 --- [Eureka-Server] [           main] e.sistema.EurekaServerApplicationTests   : No active profile set, falling back to 1 default profile: "default"
2025-11-27T19:14:00.942-06:00  INFO 28020 --- [Eureka-Server] [           main] o.s.cloud.context.scope.GenericScope     : BeanFactory id=42820cf5-323e-34ac-833c-dede01824476
2025-11-27T19:14:01.122-06:00  WARN 28020 --- [Eureka-Server] [           main] trationDelegate$BeanPostProcessorChecker : Bean 'org.springframework.cloud.client.loadbalancer.LoadBalancerAutoConfiguration$DeferringLoadBalancerInterceptorConfig' of type [org.springframework.cloud.client.loadbalancer.LoadBalancerAutoConfiguration$DeferringLoadBalancerInterceptorConfig] is not eligible for getting processed by all BeanPostProcessors (for example: not eligible for auto-proxying). The currently created BeanPostProcessor [lbRestClientPostProcessor] is declared through a non-static factory method on that class; consider declaring it as static instead.
2025-11-27T19:14:01.129-06:00  WARN 28020 --- [Eureka-Server] [           main] trationDelegate$BeanPostProcessorChecker : Bean 'deferringLoadBalancerInterceptor' of type [org.springframework.cloud.client.loadbalancer.DeferringLoadBalancerInterceptor] is not eligible for getting processed by all BeanPostProcessors (for example: not eligible for auto-proxying). Is this bean getting eagerly injected into a currently created BeanPostProcessor [lbRestClientPostProcessor]? Check the corresponding BeanPostProcessor declaration and its dependencies.
2025-11-27T19:14:03.875-06:00  WARN 28020 --- [Eureka-Server] [           main] iguration$LoadBalancerCaffeineWarnLogger : Spring Cloud LoadBalancer is currently working with the default cache. While this cache implementation is useful for development and tests, it's recommended to use Caffeine cache in production.You can switch to using Caffeine cache, by adding it and org.springframework.cache.caffeine.CaffeineCacheManager to the classpath.
2025-11-27T19:14:04.218-06:00  INFO 28020 --- [Eureka-Server] [           main] o.s.c.n.eureka.InstanceInfoFactory       : Setting initial instance status as: STARTING
2025-11-27T19:14:04.256-06:00  INFO 28020 --- [Eureka-Server] [           main] com.netflix.discovery.DiscoveryClient    : Initializing Eureka in region us-east-1
2025-11-27T19:14:04.256-06:00  INFO 28020 --- [Eureka-Server] [           main] com.netflix.discovery.DiscoveryClient    : Client configured to neither register nor query for data.
2025-11-27T19:14:04.256-06:00  INFO 28020 --- [Eureka-Server] [           main] com.netflix.discovery.DiscoveryClient    : Discovery Client initialized at timestamp 1764292444256 with initial instances count: 0
2025-11-27T19:14:04.337-06:00  INFO 28020 --- [Eureka-Server] [           main] c.n.eureka.DefaultEurekaServerContext    : Initializing ...
2025-11-27T19:14:04.337-06:00  INFO 28020 --- [Eureka-Server] [           main] c.n.eureka.cluster.PeerEurekaNodes       : Adding new peer nodes [http://34.59.44.227:8761/eureka/]
2025-11-27T19:14:04.683-06:00  INFO 28020 --- [Eureka-Server] [           main] c.n.d.provider.DiscoveryJerseyProvider   : Using JSON encoding codec LegacyJacksonJson
2025-11-27T19:14:04.683-06:00  INFO 28020 --- [Eureka-Server] [           main] c.n.d.provider.DiscoveryJerseyProvider   : Using JSON decoding codec LegacyJacksonJson
2025-11-27T19:14:04.683-06:00  INFO 28020 --- [Eureka-Server] [           main] c.n.d.provider.DiscoveryJerseyProvider   : Using XML encoding codec XStreamXml
2025-11-27T19:14:04.683-06:00  INFO 28020 --- [Eureka-Server] [           main] c.n.d.provider.DiscoveryJerseyProvider   : Using XML decoding codec XStreamXml
2025-11-27T19:14:04.811-06:00  INFO 28020 --- [Eureka-Server] [           main] c.n.eureka.cluster.PeerEurekaNodes       : Replica node URL:  http://34.59.44.227:8761/eureka/
2025-11-27T19:14:04.832-06:00  INFO 28020 --- [Eureka-Server] [           main] c.n.e.registry.AbstractInstanceRegistry  : Finished initializing remote region registries. All known remote regions: []
2025-11-27T19:14:04.832-06:00  INFO 28020 --- [Eureka-Server] [           main] c.n.eureka.DefaultEurekaServerContext    : Initialized
2025-11-27T19:14:04.954-06:00  INFO 28020 --- [Eureka-Server] [           main] o.s.b.a.e.web.EndpointLinksResolver      : Exposing 1 endpoint beneath base path '/actuator'
2025-11-27T19:14:05.046-06:00  INFO 28020 --- [Eureka-Server] [           main] o.s.c.n.e.s.EurekaServiceRegistry        : Registering application EUREKA-SERVER with eureka with status UP
2025-11-27T19:14:05.062-06:00  INFO 28020 --- [Eureka-Server] [      Thread-10] o.s.c.n.e.server.EurekaServerBootstrap   : isAws returned false
2025-11-27T19:14:05.062-06:00  INFO 28020 --- [Eureka-Server] [           main] e.sistema.EurekaServerApplicationTests   : Started EurekaServerApplicationTests in 7.448 seconds (process running for 10.078)
2025-11-27T19:14:05.063-06:00  INFO 28020 --- [Eureka-Server] [      Thread-10] o.s.c.n.e.server.EurekaServerBootstrap   : Initialized server context
2025-11-27T19:14:05.064-06:00  INFO 28020 --- [Eureka-Server] [      Thread-10] c.n.e.r.PeerAwareInstanceRegistryImpl    : Got 1 instances from neighboring DS node
2025-11-27T19:14:05.064-06:00  INFO 28020 --- [Eureka-Server] [      Thread-10] c.n.e.r.PeerAwareInstanceRegistryImpl    : Renew threshold is: 1
2025-11-27T19:14:05.064-06:00  INFO 28020 --- [Eureka-Server] [      Thread-10] c.n.e.r.PeerAwareInstanceRegistryImpl    : Changing status to UP
2025-11-27T19:14:05.066-06:00  INFO 28020 --- [Eureka-Server] [      Thread-10] e.s.EurekaServerInitializerConfiguration : Started Eureka Server
]]></system-out>
  </testcase>
</testsuite>